0 info it worked if it ends with ok
1 verbose cli [ '/Users/twarner/.nvm/versions/node/v6.3.1/bin/node',
1 verbose cli   '/Users/twarner/.nvm/versions/node/v6.3.1/bin/npm',
1 verbose cli   'run',
1 verbose cli   'create-release' ]
2 info using npm@4.1.1
3 info using node@v6.3.1
4 verbose run-script [ 'precreate-release', 'create-release', 'postcreate-release' ]
5 info lifecycle availity-mobx-reactstrap-validation@0.0.0~precreate-release: availity-mobx-reactstrap-validation@0.0.0
6 silly lifecycle availity-mobx-reactstrap-validation@0.0.0~precreate-release: no script for precreate-release, continuing
7 info lifecycle availity-mobx-reactstrap-validation@0.0.0~create-release: availity-mobx-reactstrap-validation@0.0.0
8 verbose lifecycle availity-mobx-reactstrap-validation@0.0.0~create-release: unsafe-perm in lifecycle true
9 verbose lifecycle availity-mobx-reactstrap-validation@0.0.0~create-release: PATH: /Users/twarner/.nvm/versions/node/v6.3.1/lib/node_modules/npm/bin/node-gyp-bin:/Users/twarner/Workspaces/availity-mobx-reactstrap-validation/node_modules/.bin:/Users/twarner/.rvm/gems/ruby-2.3.1/bin:/Users/twarner/.rvm/gems/ruby-2.3.1@global/bin:/Users/twarner/.rvm/rubies/ruby-2.3.1/bin:/Users/twarner/.nvm/versions/node/v6.3.1/bin:/Users/twarner/homebrew/bin:/usr/local/bin:/usr/bin:/bin:/usr/sbin:/sbin:/usr/local/git/bin:/Users/twarner/go/bin:/Users/twarner/.cargo/bin:/Users/twarner/bin:/Users/twarner/.rvm/bin:/Users/twarner/.fzf/bin
10 verbose lifecycle availity-mobx-reactstrap-validation@0.0.0~create-release: CWD: /Users/twarner/Workspaces/availity-mobx-reactstrap-validation
11 silly lifecycle availity-mobx-reactstrap-validation@0.0.0~create-release: Args: [ '-c', 'npm run lint && sh ./scripts/release' ]
12 silly lifecycle availity-mobx-reactstrap-validation@0.0.0~create-release: Returned: code: 1  signal: null
13 info lifecycle availity-mobx-reactstrap-validation@0.0.0~create-release: Failed to exec create-release script
14 verbose stack Error: availity-mobx-reactstrap-validation@0.0.0 create-release: `npm run lint && sh ./scripts/release`
14 verbose stack Exit status 1
14 verbose stack     at EventEmitter.<anonymous> (/Users/twarner/.nvm/versions/node/v6.3.1/lib/node_modules/npm/lib/utils/lifecycle.js:279:16)
14 verbose stack     at emitTwo (events.js:106:13)
14 verbose stack     at EventEmitter.emit (events.js:191:7)
14 verbose stack     at ChildProcess.<anonymous> (/Users/twarner/.nvm/versions/node/v6.3.1/lib/node_modules/npm/lib/utils/spawn.js:40:14)
14 verbose stack     at emitTwo (events.js:106:13)
14 verbose stack     at ChildProcess.emit (events.js:191:7)
14 verbose stack     at maybeClose (internal/child_process.js:852:16)
14 verbose stack     at Process.ChildProcess._handle.onexit (internal/child_process.js:215:5)
15 verbose pkgid availity-mobx-reactstrap-validation@0.0.0
16 verbose cwd /Users/twarner/Workspaces/availity-mobx-reactstrap-validation
17 error Darwin 16.7.0
18 error argv "/Users/twarner/.nvm/versions/node/v6.3.1/bin/node" "/Users/twarner/.nvm/versions/node/v6.3.1/bin/npm" "run" "create-release"
19 error node v6.3.1
20 error npm  v4.1.1
21 error code ELIFECYCLE
22 error availity-mobx-reactstrap-validation@0.0.0 create-release: `npm run lint && sh ./scripts/release`
22 error Exit status 1
23 error Failed at the availity-mobx-reactstrap-validation@0.0.0 create-release script 'npm run lint && sh ./scripts/release'.
23 error Make sure you have the latest version of node.js and npm installed.
23 error If you do, this is most likely a problem with the availity-mobx-reactstrap-validation package,
23 error not with npm itself.
23 error Tell the author that this fails on your system:
23 error     npm run lint && sh ./scripts/release
23 error You can get information on how to open an issue for this project with:
23 error     npm bugs availity-mobx-reactstrap-validation
23 error Or if that isn't available, you can get their info via:
23 error     npm owner ls availity-mobx-reactstrap-validation
23 error There is likely additional logging output above.
24 verbose exit [ 1, true ]
